\BOOKMARK [-1][-]{section*.2}{Deftiges}{}% 1
\BOOKMARK [0][-]{chapter*.3}{Einzelnes}{section*.2}% 2
\BOOKMARK [1][-]{section*.4}{Auberginenmus}{chapter*.3}% 3
\BOOKMARK [1][-]{section*.5}{B\344rbelbrot}{chapter*.3}% 4
\BOOKMARK [1][-]{section*.8}{Hot Things}{chapter*.3}% 5
\BOOKMARK [1][-]{section*.9}{Caulicups}{chapter*.3}% 6
\BOOKMARK [1][-]{section*.10}{Chinakohl-Blitva}{chapter*.3}% 7
\BOOKMARK [1][-]{section*.11}{Dashi}{chapter*.3}% 8
\BOOKMARK [1][-]{section*.12}{Gazpacho}{chapter*.3}% 9
\BOOKMARK [1][-]{section*.13}{Gnocchi}{chapter*.3}% 10
\BOOKMARK [1][-]{section*.14}{Sushi Reis}{chapter*.3}% 11
\BOOKMARK [1][-]{section*.17}{Tomaten\205Apfel\205Aufstrich}{chapter*.3}% 12
\BOOKMARK [1][-]{section*.18}{Vegane Mayonaise}{chapter*.3}% 13
\BOOKMARK [0][-]{chapter*.19}{Gerichte}{section*.2}% 14
\BOOKMARK [1][-]{section*.20}{Kartoffel-Rote Beete-F\344cher mit Brokkolieis}{chapter*.19}% 15
\BOOKMARK [1][-]{section*.27}{Gigantes Plaki auf Auberginen}{chapter*.19}% 16
\BOOKMARK [1][-]{section*.28}{Ramen}{chapter*.19}% 17
\BOOKMARK [1][-]{section*.33}{Spanakoriso}{chapter*.19}% 18
\BOOKMARK [1][-]{section*.34}{Stapfelrisotto}{chapter*.19}% 19
\BOOKMARK [1][-]{section*.35}{Gef\374llte Mangoldbl\344tter mit Mango:ldchutney in Spinatsch\374sseln}{chapter*.19}% 20
\BOOKMARK [-1][-]{section*.39}{S\374\337es}{}% 21
\BOOKMARK [0][-]{chapter*.40}{Kuchiges}{section*.39}% 22
\BOOKMARK [1][-]{section*.41}{Apfelkuchen Othello}{chapter*.40}% 23
\BOOKMARK [1][-]{section*.42}{Brownies}{chapter*.40}% 24
\BOOKMARK [1][-]{section*.46}{Orangen-K\344sekuchen}{chapter*.40}% 25
\BOOKMARK [1][-]{section*.49}{Rhababercrumble in Bananen-Schale}{chapter*.40}% 26
\BOOKMARK [1][-]{section*.54}{Pumpkin Pie}{chapter*.40}% 27
\BOOKMARK [1][-]{section*.58}{Veganer K\344sekuchen}{chapter*.40}% 28
\BOOKMARK [0][-]{chapter*.62}{Nachtische}{section*.39}% 29
\BOOKMARK [1][-]{section*.63}{Halva}{chapter*.62}% 30
